<?xml version="1.0" encoding="UTF-8"?>
<!-- Generated by org.testng.reporters.JUnitXMLReporter -->
<testsuite ignored="0" hostname="MacBook-Pro-de-Juan.local" failures="0" tests="2" name="LoginScreenTests" time="32.035" errors="0" timestamp="2022-06-25T01:42:58 ART">
  <testcase classname="com.bettervet.appointment.PositiveLoginTest" name="positiveLogin" time="17.802"/>
  <testcase classname="com.bettervet.appointment.NegativeLoginTest" name="negativeLogin" time="14.191"/>
</testsuite> <!-- LoginScreenTests -->
