<?xml version="1.0" encoding="UTF-8"?>
<!-- Generated by org.testng.reporters.JUnitXMLReporter -->
<testsuite ignored="1" hostname="MacBook-Pro-de-Juan.local" failures="0" tests="1" name="Negative Login Test" time="27.878" errors="0" timestamp="26 jun. 2022 17:42:34 GMT">
  <testcase classname="com.bettervet.appointment.loginScreen.LoginScreenTests" name="negativeLogin" time="15.911"/>
  <testcase classname="com.bettervet.appointment.loginScreen.LoginScreenTests" name="positiveLogin" time="0.0">
    <ignored/>
  </testcase> <!-- positiveLogin -->
</testsuite> <!-- Negative Login Test -->
