<?xml version="1.0" encoding="UTF-8"?>
<!-- Generated by org.testng.reporters.JUnitXMLReporter -->
<testsuite ignored="1" hostname="MacBook-Pro-de-Juan.local" failures="0" tests="1" name="Positive Login Test" time="17.894" errors="0" timestamp="26 jun. 2022 17:42:06 GMT">
  <testcase classname="com.bettervet.appointment.loginScreen.LoginScreenTests" name="positiveLogin" time="6.648"/>
  <testcase classname="com.bettervet.appointment.loginScreen.LoginScreenTests" name="negativeLogin" time="0.0">
    <ignored/>
  </testcase> <!-- negativeLogin -->
</testsuite> <!-- Positive Login Test -->
