<?xml version="1.0" encoding="UTF-8"?>
<testsuite xmlns:xsi="http://www.w3.org/2001/XMLSchema-instance" xsi:noNamespaceSchemaLocation="https://maven.apache.org/surefire/maven-surefire-plugin/xsd/surefire-test-report-3.0.xsd" version="3.0" name="TestSuite" time="47.593" tests="2" errors="0" skipped="0" failures="0">
  <properties>
[...]
</properties>
  <testcase name="positiveLogin[juancarlosgularte@bettervet.com, Helloworld10](1)" classname="com.bettervet.appointment.loginScreen.LoginScreenTests" time="6.647">
    <system-out><![CDATA[[TestNGContentHandler] [WARN] It is strongly recommended to add "<!DOCTYPE suite SYSTEM "http://testng.org/testng-1.0.dtd" >" at the top of your file, otherwise TestNG may fail or not work as expected.
]]></system-out>
    <system-err><![CDATA[SLF4J: Failed to load class "org.slf4j.impl.StaticLoggerBinder".
SLF4J: Defaulting to no-operation (NOP) logger implementation
SLF4J: See http://www.slf4j.org/codes.html#StaticLoggerBinder for further details.
Starting ChromeDriver 102.0.5005.61 (0e59bcc00cc4985ce39ad31c150065f159d95ad3-refs/branch-heads/5005@{#819}) on port 51926
Only local connections are allowed.
Please see https://chromedriver.chromium.org/security-considerations for suggestions on keeping ChromeDriver safe.
ChromeDriver was started successfully.
[1656265311.477][WARNING]: This version of ChromeDriver has not been tested with Chrome version 103.
jun. 26, 2022 2:41:51 P. M. org.openqa.selenium.remote.ProtocolHandshake createSession
INFO: Detected dialect: W3C
jun. 26, 2022 2:41:51 P. M. org.openqa.selenium.devtools.CdpVersionFinder findNearestMatch
WARNING: Unable to find an exact match for CDP version 103, so returning the closest version found: 101
jun. 26, 2022 2:41:51 P. M. org.openqa.selenium.devtools.CdpVersionFinder findNearestMatch
INFO: Found CDP implementation for version 103 of 101
]]></system-err>
  </testcase>
  <testcase name="negativeLogin[juancarlosgularte, Helloworld10, Please enter a valid email address](1)" classname="com.bettervet.appointment.loginScreen.LoginScreenTests" time="15.91">
    <system-err><![CDATA[Starting Microsoft Edge WebDriver 102.0.1245.44 (72efbf98e0b4777efaaf0e7e0362434a43b3b279) on port 51951
To submit feedback, report a bug, or suggest new features, please visit https://github.com/MicrosoftEdge/EdgeWebDriver

Only local connections are allowed.
Please see https://aka.ms/WebDriverSecurity for suggestions on keeping Microsoft Edge WebDriver safe.

Microsoft Edge WebDriver was started successfully.
[1656265328.187][WARNING]: This version of Microsoft Edge WebDriver has not been tested with Microsoft Edge version 103.
jun. 26, 2022 2:42:08 P. M. org.openqa.selenium.remote.ProtocolHandshake createSession
INFO: Detected dialect: W3C
jun. 26, 2022 2:42:08 P. M. org.openqa.selenium.devtools.CdpVersionFinder findNearestMatch
WARNING: Unable to find an exact match for CDP version 103, so returning the closest version found: 101
jun. 26, 2022 2:42:08 P. M. org.openqa.selenium.devtools.CdpVersionFinder findNearestMatch
INFO: Found CDP implementation for version 103 of 101
]]></system-err>
  </testcase>
</testsuite>