<?xml version="1.0" encoding="UTF-8"?>
<testng-results ignored="2" total="4" passed="2" failed="0" skipped="0">
  <reporter-output>
  </reporter-output>
  <suite started-at="2022-06-26T17:41:48Z" name="Login Screen Tests" finished-at="2022-06-26T17:42:34Z" duration-ms="45835">
    <groups>
      <group name="regression">
        <method signature="LoginScreenTests.positiveLogin(java.lang.String, java.lang.String)[pri:0, instance:com.bettervet.appointment.loginScreen.LoginScreenTests@201a4587]" name="positiveLogin" class="com.bettervet.appointment.loginScreen.LoginScreenTests"/>
      </group> <!-- regression -->
    </groups>
    <test started-at="2022-06-26T17:41:48Z" name="Positive Login Test" finished-at="2022-06-26T17:42:06Z" duration-ms="17894">
      <class name="com.bettervet.appointment.loginScreen.LoginScreenTests">
        <test-method is-config="true" signature="setUp(java.lang.String, org.testng.ITestContext)[pri:0, instance:com.bettervet.appointment.loginScreen.LoginScreenTests@201a4587]" started-at="2022-06-26T17:41:48Z" name="setUp" finished-at="2022-06-26T17:41:59Z" duration-ms="11163" status="PASS">
          <params>
            <param index="0">
              <value>
                <![CDATA[chrome]]>
              </value>
            </param>
            <param index="1">
              <value>
                <![CDATA[org.testng.TestRunner@9596ce8]]>
              </value>
            </param>
          </params>
          <reporter-output>
          </reporter-output>
        </test-method> <!-- setUp -->
        <test-method signature="positiveLogin(java.lang.String, java.lang.String)[pri:0, instance:com.bettervet.appointment.loginScreen.LoginScreenTests@201a4587]" started-at="2022-06-26T17:41:59Z" name="positiveLogin" finished-at="2022-06-26T17:42:06Z" duration-ms="6648" status="PASS">
          <params>
            <param index="0">
              <value>
                <![CDATA[juancarlosgularte@bettervet.com]]>
              </value>
            </param>
            <param index="1">
              <value>
                <![CDATA[Helloworld10]]>
              </value>
            </param>
          </params>
          <reporter-output>
          </reporter-output>
        </test-method> <!-- positiveLogin -->
        <test-method is-config="true" signature="tearDown()[pri:0, instance:com.bettervet.appointment.loginScreen.LoginScreenTests@201a4587]" started-at="2022-06-26T17:42:06Z" name="tearDown" finished-at="2022-06-26T17:42:06Z" duration-ms="64" status="PASS">
          <reporter-output>
          </reporter-output>
        </test-method> <!-- tearDown -->
      </class> <!-- com.bettervet.appointment.loginScreen.LoginScreenTests -->
    </test> <!-- Positive Login Test -->
    <test started-at="2022-06-26T17:42:06Z" name="Negative Login Test" finished-at="2022-06-26T17:42:34Z" duration-ms="27878">
      <class name="com.bettervet.appointment.loginScreen.LoginScreenTests">
        <test-method is-config="true" signature="setUp(java.lang.String, org.testng.ITestContext)[pri:0, instance:com.bettervet.appointment.loginScreen.LoginScreenTests@5a45133e]" started-at="2022-06-26T17:42:06Z" name="setUp" finished-at="2022-06-26T17:42:18Z" duration-ms="11871" status="PASS">
          <params>
            <param index="0">
              <value>
                <![CDATA[edge]]>
              </value>
            </param>
            <param index="1">
              <value>
                <![CDATA[org.testng.TestRunner@75ae4a1f]]>
              </value>
            </param>
          </params>
          <reporter-output>
          </reporter-output>
        </test-method> <!-- setUp -->
        <test-method signature="negativeLogin(java.lang.String, java.lang.String, java.lang.String)[pri:0, instance:com.bettervet.appointment.loginScreen.LoginScreenTests@5a45133e]" started-at="2022-06-26T17:42:18Z" name="negativeLogin" finished-at="2022-06-26T17:42:33Z" duration-ms="15911" status="PASS">
          <params>
            <param index="0">
              <value>
                <![CDATA[juancarlosgularte]]>
              </value>
            </param>
            <param index="1">
              <value>
                <![CDATA[Helloworld10]]>
              </value>
            </param>
            <param index="2">
              <value>
                <![CDATA[Please enter a valid email address]]>
              </value>
            </param>
          </params>
          <reporter-output>
          </reporter-output>
        </test-method> <!-- negativeLogin -->
        <test-method is-config="true" signature="tearDown()[pri:0, instance:com.bettervet.appointment.loginScreen.LoginScreenTests@5a45133e]" started-at="2022-06-26T17:42:33Z" name="tearDown" finished-at="2022-06-26T17:42:34Z" duration-ms="92" status="PASS">
          <reporter-output>
          </reporter-output>
        </test-method> <!-- tearDown -->
      </class> <!-- com.bettervet.appointment.loginScreen.LoginScreenTests -->
    </test> <!-- Negative Login Test -->
  </suite> <!-- Login Screen Tests -->
</testng-results>
