<?xml version="1.0" encoding="UTF-8"?>
<testng-results ignored="2" total="6" passed="3" failed="1" skipped="0">
  <reporter-output>
  </reporter-output>
  <suite started-at="2022-06-28T02:17:19Z" name="Login Screen Tests" finished-at="2022-06-28T02:18:07Z" duration-ms="47937">
    <groups>
      <group name="regression">
        <method signature="LoginScreenTests.positiveLogin(java.lang.String, java.lang.String)[pri:0, instance:com.bettervet.appointment.loginScreen.LoginScreenTests@71329995]" name="positiveLogin" class="com.bettervet.appointment.loginScreen.LoginScreenTests"/>
      </group> <!-- regression -->
    </groups>
    <test started-at="2022-06-28T02:17:19Z" name="Positive Login Test" finished-at="2022-06-28T02:17:43Z" duration-ms="23706">
      <class name="com.bettervet.appointment.loginScreen.LoginScreenTests">
        <test-method is-config="true" signature="setUp(java.lang.reflect.Method, java.lang.String, java.lang.String, org.testng.ITestContext)[pri:0, instance:com.bettervet.appointment.loginScreen.LoginScreenTests@71329995]" started-at="2022-06-28T02:17:20Z" name="setUp" finished-at="2022-06-28T02:17:26Z" duration-ms="6648" status="PASS">
          <params>
            <param index="0">
              <value>
                <![CDATA[public void com.bettervet.appointment.loginScreen.LoginScreenTests.positiveLogin(java.lang.String,java.lang.String)]]>
              </value>
            </param>
            <param index="1">
              <value>
                <![CDATA[chrome]]>
              </value>
            </param>
            <param index="2">
              <value>
                <![CDATA[Samsung Galaxy S20 Ultra]]>
              </value>
            </param>
            <param index="3">
              <value>
                <![CDATA[org.testng.TestRunner@4b23c30a]]>
              </value>
            </param>
          </params>
          <reporter-output>
          </reporter-output>
        </test-method> <!-- setUp -->
        <test-method signature="positiveLogin(java.lang.String, java.lang.String)[pri:0, instance:com.bettervet.appointment.loginScreen.LoginScreenTests@71329995]" started-at="2022-06-28T02:17:26Z" name="positiveLogin" finished-at="2022-06-28T02:17:43Z" duration-ms="16336" status="FAIL">
          <params>
            <param index="0">
              <value>
                <![CDATA[juancarlosgularte@bettervet.com]]>
              </value>
            </param>
            <param index="1">
              <value>
                <![CDATA[Helloworld10]]>
              </value>
            </param>
          </params>
          <exception class="org.openqa.selenium.TimeoutException">
            <message>
              <![CDATA[Expected condition failed: waiting for element to be clickable: By.xpath: //a//span[text()='Log in'] (tried for 15 second(s) with 500 milliseconds interval)
Build info: version: '4.1.4', revision: '535d840ee2'
System info: host: 'MacBook-Pro-de-Juan.local', ip: 'fe80:0:0:0:18fd:3188:2596:50d9%en0', os.name: 'Mac OS X', os.arch: 'x86_64', os.version: '12.3.1', java.version: '11.0.15'
Driver info: org.openqa.selenium.chrome.ChromeDriver
Capabilities {acceptInsecureCerts: false, browserName: chrome, browserVersion: 103.0.5060.53, chrome: {chromedriverVersion: 102.0.5005.61 (0e59bcc00cc4..., userDataDir: /var/folders/y8/p4f67c4950v...}, goog:chromeOptions: {debuggerAddress: localhost:50827}, javascriptEnabled: true, networkConnectionEnabled: false, pageLoadStrategy: normal, platform: MAC, platformName: MAC, proxy: Proxy(), se:cdp: ws://localhost:50827/devtoo..., se:cdpVersion: 103.0.5060.53, setWindowRect: true, strictFileInteractability: false, timeouts: {implicit: 0, pageLoad: 300000, script: 30000}, unhandledPromptBehavior: dismiss and notify, webauthn:extension:credBlob: true, webauthn:extension:largeBlob: true, webauthn:virtualAuthenticators: true}
Session ID: ab59d21761cc6016ad106567d427c8ea]]>
            </message>
            <full-stacktrace>
              <![CDATA[org.openqa.selenium.TimeoutException: Expected condition failed: waiting for element to be clickable: By.xpath: //a//span[text()='Log in'] (tried for 15 second(s) with 500 milliseconds interval)
Build info: version: '4.1.4', revision: '535d840ee2'
System info: host: 'MacBook-Pro-de-Juan.local', ip: 'fe80:0:0:0:18fd:3188:2596:50d9%en0', os.name: 'Mac OS X', os.arch: 'x86_64', os.version: '12.3.1', java.version: '11.0.15'
Driver info: org.openqa.selenium.chrome.ChromeDriver
Capabilities {acceptInsecureCerts: false, browserName: chrome, browserVersion: 103.0.5060.53, chrome: {chromedriverVersion: 102.0.5005.61 (0e59bcc00cc4..., userDataDir: /var/folders/y8/p4f67c4950v...}, goog:chromeOptions: {debuggerAddress: localhost:50827}, javascriptEnabled: true, networkConnectionEnabled: false, pageLoadStrategy: normal, platform: MAC, platformName: MAC, proxy: Proxy(), se:cdp: ws://localhost:50827/devtoo..., se:cdpVersion: 103.0.5060.53, setWindowRect: true, strictFileInteractability: false, timeouts: {implicit: 0, pageLoad: 300000, script: 30000}, unhandledPromptBehavior: dismiss and notify, webauthn:extension:credBlob: true, webauthn:extension:largeBlob: true, webauthn:virtualAuthenticators: true}
Session ID: ab59d21761cc6016ad106567d427c8ea
at org.openqa.selenium.support.ui.WebDriverWait.timeoutException(WebDriverWait.java:87)
at org.openqa.selenium.support.ui.FluentWait.until(FluentWait.java:231)
at com.bettervet.appointment.pages.BaseObject.wait_for(BaseObject.java:84)
at com.bettervet.appointment.pages.BaseObject.waitForElementToBeClickable(BaseObject.java:105)
at com.bettervet.appointment.pages.BaseObject.click(BaseObject.java:46)
at com.bettervet.appointment.pages.SignUpPage.GoToLoginPage(SignUpPage.java:22)
at com.bettervet.appointment.loginScreen.LoginScreenTests.positiveLogin(LoginScreenTests.java:23)
at java.base/jdk.internal.reflect.NativeMethodAccessorImpl.invoke0(Native Method)
at java.base/jdk.internal.reflect.NativeMethodAccessorImpl.invoke(NativeMethodAccessorImpl.java:62)
at java.base/jdk.internal.reflect.DelegatingMethodAccessorImpl.invoke(DelegatingMethodAccessorImpl.java:43)
at java.base/java.lang.reflect.Method.invoke(Method.java:566)
at org.testng.internal.MethodInvocationHelper.invokeMethod(MethodInvocationHelper.java:124)
at org.testng.internal.Invoker.invokeMethod(Invoker.java:583)
at org.testng.internal.Invoker.invokeTestMethod(Invoker.java:719)
at org.testng.internal.Invoker.invokeTestMethods(Invoker.java:989)
at org.testng.internal.TestMethodWorker.invokeTestMethods(TestMethodWorker.java:125)
at org.testng.internal.TestMethodWorker.run(TestMethodWorker.java:109)
at org.testng.TestRunner.privateRun(TestRunner.java:648)
at org.testng.TestRunner.run(TestRunner.java:505)
at org.testng.SuiteRunner.runTest(SuiteRunner.java:455)
at org.testng.SuiteRunner.access$000(SuiteRunner.java:40)
at org.testng.SuiteRunner$SuiteWorker.run(SuiteRunner.java:489)
at org.testng.internal.thread.ThreadUtil$1.call(ThreadUtil.java:52)
at java.base/java.util.concurrent.FutureTask.run(FutureTask.java:264)
at java.base/java.util.concurrent.ThreadPoolExecutor.runWorker(ThreadPoolExecutor.java:1128)
at java.base/java.util.concurrent.ThreadPoolExecutor$Worker.run(ThreadPoolExecutor.java:628)
at java.base/java.lang.Thread.run(Thread.java:834)
]]>
            </full-stacktrace>
          </exception> <!-- org.openqa.selenium.TimeoutException -->
          <reporter-output>
          </reporter-output>
        </test-method> <!-- positiveLogin -->
        <test-method is-config="true" signature="tearDown()[pri:0, instance:com.bettervet.appointment.loginScreen.LoginScreenTests@71329995]" started-at="2022-06-28T02:17:43Z" name="tearDown" finished-at="2022-06-28T02:17:43Z" duration-ms="119" status="PASS">
          <reporter-output>
          </reporter-output>
        </test-method> <!-- tearDown -->
      </class> <!-- com.bettervet.appointment.loginScreen.LoginScreenTests -->
    </test> <!-- Positive Login Test -->
    <test started-at="2022-06-28T02:17:19Z" name="Negative Login Test" finished-at="2022-06-28T02:18:07Z" duration-ms="47937">
      <class name="com.bettervet.appointment.loginScreen.LoginScreenTests">
        <test-method is-config="true" signature="setUp(java.lang.reflect.Method, java.lang.String, java.lang.String, org.testng.ITestContext)[pri:0, instance:com.bettervet.appointment.loginScreen.LoginScreenTests@3f57bcad]" started-at="2022-06-28T02:17:20Z" name="setUp" finished-at="2022-06-28T02:17:26Z" duration-ms="6123" status="PASS">
          <params>
            <param index="0">
              <value>
                <![CDATA[public void com.bettervet.appointment.loginScreen.LoginScreenTests.negativeLogin(java.util.Map)]]>
              </value>
            </param>
            <param index="1">
              <value>
                <![CDATA[chrome]]>
              </value>
            </param>
            <param index="2">
              <value is-null="true"/>
            </param>
            <param index="3">
              <value>
                <![CDATA[org.testng.TestRunner@38089a5a]]>
              </value>
            </param>
          </params>
          <reporter-output>
          </reporter-output>
        </test-method> <!-- setUp -->
        <test-method signature="negativeLogin(java.util.Map)[pri:0, instance:com.bettervet.appointment.loginScreen.LoginScreenTests@3f57bcad]" started-at="2022-06-28T02:17:26Z" name="negativeLogin" data-provider="csvReader" finished-at="2022-06-28T02:17:38Z" duration-ms="11277" status="PASS">
          <params>
            <param index="0">
              <value>
                <![CDATA[{errorMessage=Please enter a valid email address, password=Helloworld10, n=1, username=juancarlosgularte}]]>
              </value>
            </param>
          </params>
          <reporter-output>
          </reporter-output>
        </test-method> <!-- negativeLogin -->
        <test-method is-config="true" signature="tearDown()[pri:0, instance:com.bettervet.appointment.loginScreen.LoginScreenTests@3f57bcad]" started-at="2022-06-28T02:17:38Z" name="tearDown" finished-at="2022-06-28T02:17:38Z" duration-ms="62" status="PASS">
          <reporter-output>
          </reporter-output>
        </test-method> <!-- tearDown -->
        <test-method is-config="true" signature="setUp(java.lang.reflect.Method, java.lang.String, java.lang.String, org.testng.ITestContext)[pri:0, instance:com.bettervet.appointment.loginScreen.LoginScreenTests@3f57bcad]" started-at="2022-06-28T02:17:38Z" name="setUp" finished-at="2022-06-28T02:17:42Z" duration-ms="4335" status="PASS">
          <params>
            <param index="0">
              <value>
                <![CDATA[public void com.bettervet.appointment.loginScreen.LoginScreenTests.negativeLogin(java.util.Map)]]>
              </value>
            </param>
            <param index="1">
              <value>
                <![CDATA[chrome]]>
              </value>
            </param>
            <param index="2">
              <value is-null="true"/>
            </param>
            <param index="3">
              <value>
                <![CDATA[org.testng.TestRunner@38089a5a]]>
              </value>
            </param>
          </params>
          <reporter-output>
          </reporter-output>
        </test-method> <!-- setUp -->
        <test-method signature="negativeLogin(java.util.Map)[pri:0, instance:com.bettervet.appointment.loginScreen.LoginScreenTests@3f57bcad]" started-at="2022-06-28T02:17:42Z" name="negativeLogin" data-provider="csvReader" finished-at="2022-06-28T02:17:52Z" duration-ms="10132" status="PASS">
          <params>
            <param index="0">
              <value>
                <![CDATA[{errorMessage=Your password must contain at least one number, a capital letter and a minimum of 6 characters, password=123, n=2, username=juancarlosgularte@bettervet.com}]]>
              </value>
            </param>
          </params>
          <reporter-output>
          </reporter-output>
        </test-method> <!-- negativeLogin -->
        <test-method is-config="true" signature="tearDown()[pri:0, instance:com.bettervet.appointment.loginScreen.LoginScreenTests@3f57bcad]" started-at="2022-06-28T02:17:52Z" name="tearDown" finished-at="2022-06-28T02:17:52Z" duration-ms="57" status="PASS">
          <reporter-output>
          </reporter-output>
        </test-method> <!-- tearDown -->
        <test-method is-config="true" signature="setUp(java.lang.reflect.Method, java.lang.String, java.lang.String, org.testng.ITestContext)[pri:0, instance:com.bettervet.appointment.loginScreen.LoginScreenTests@3f57bcad]" started-at="2022-06-28T02:17:52Z" name="setUp" finished-at="2022-06-28T02:17:57Z" duration-ms="4490" status="PASS">
          <params>
            <param index="0">
              <value>
                <![CDATA[public void com.bettervet.appointment.loginScreen.LoginScreenTests.negativeLogin(java.util.Map)]]>
              </value>
            </param>
            <param index="1">
              <value>
                <![CDATA[chrome]]>
              </value>
            </param>
            <param index="2">
              <value is-null="true"/>
            </param>
            <param index="3">
              <value>
                <![CDATA[org.testng.TestRunner@38089a5a]]>
              </value>
            </param>
          </params>
          <reporter-output>
          </reporter-output>
        </test-method> <!-- setUp -->
        <test-method signature="negativeLogin(java.util.Map)[pri:0, instance:com.bettervet.appointment.loginScreen.LoginScreenTests@3f57bcad]" started-at="2022-06-28T02:17:57Z" name="negativeLogin" data-provider="csvReader" finished-at="2022-06-28T02:18:07Z" duration-ms="10403" status="PASS">
          <params>
            <param index="0">
              <value>
                <![CDATA[{errorMessage=User or password invalid., password=IncorrectPassword1, n=3, username=juancarlosgularte@bettervet.com}]]>
              </value>
            </param>
          </params>
          <reporter-output>
          </reporter-output>
        </test-method> <!-- negativeLogin -->
        <test-method is-config="true" signature="tearDown()[pri:0, instance:com.bettervet.appointment.loginScreen.LoginScreenTests@3f57bcad]" started-at="2022-06-28T02:18:07Z" name="tearDown" finished-at="2022-06-28T02:18:07Z" duration-ms="67" status="PASS">
          <reporter-output>
          </reporter-output>
        </test-method> <!-- tearDown -->
      </class> <!-- com.bettervet.appointment.loginScreen.LoginScreenTests -->
    </test> <!-- Negative Login Test -->
  </suite> <!-- Login Screen Tests -->
</testng-results>
